<?xml version="1.0" encoding="UTF-8" ?>
<testsuite tests="6" failures="0" name="com.acme.credvarejo.conta.IdentificadorContaCrediarioTest" time="0" errors="0" skipped="0">
  <properties>
[...]
</properties>
  <testcase classname="com.acme.credvarejo.conta.IdentificadorContaCrediarioTest" name="testIdentificadorContaCrediario" time="0"/>
  <testcase classname="com.acme.credvarejo.conta.IdentificadorContaCrediarioTest" name="testCalcularDigitoVerificador" time="0"/>
  <testcase classname="com.acme.credvarejo.conta.IdentificadorContaCrediarioTest" name="testSomaNumeros" time="0"/>
  <testcase classname="com.acme.credvarejo.conta.IdentificadorContaCrediarioTest" name="testVerificarValidadeDigito" time="0"/>
  <testcase classname="com.acme.credvarejo.conta.IdentificadorContaCrediarioTest" name="testSetNumero" time="0"/>
  <testcase classname="com.acme.credvarejo.conta.IdentificadorContaCrediarioTest" name="testGetNumero" time="0"/>
</testsuite>